app/build/intermediates/manifest_merge_blame_file/debug/manifest-merger-blame-debug-report.txt
1<?xml version="1.0" encoding="utf-8"?>
2<manifest xmlns:android="http://schemas.android.com/apk/res/android"
3    package="com.khaled.kuwaitradio"
4    android:versionCode="1"
5    android:versionName="1.0" >
6
7    <uses-sdk
8        android:minSdkVersion="21"
9        android:targetSdkVersion="34" />
10
11    <uses-permission android:name="android.permission.INTERNET" />
11-->src/main/AndroidManifest.xml:5:5-67
11-->src/main/AndroidManifest.xml:5:22-64
12    <uses-permission android:name="android.permission.FOREGROUND_SERVICE" />
12-->src/main/AndroidManifest.xml:6:5-77
12-->src/main/AndroidManifest.xml:6:22-74
13    <uses-permission android:name="android.permission.WAKE_LOCK" />
13-->src/main/AndroidManifest.xml:7:5-68
13-->src/main/AndroidManifest.xml:7:22-65
14
15    <application
15-->src/main/AndroidManifest.xml:9:5-21:19
16        android:debuggable="true"
17        android:extractNativeLibs="true"
18        android:label="@string/app_name"
18-->src/main/AndroidManifest.xml:10:9-41
19        android:theme="@style/AppTheme"
19-->src/main/AndroidManifest.xml:11:9-40
20        android:usesCleartextTraffic="true" >
20-->src/main/AndroidManifest.xml:12:9-44
21        <activity
21-->src/main/AndroidManifest.xml:13:9-20:20
22            android:name="com.khaled.kuwaitradio.MainActivity"
22-->src/main/AndroidManifest.xml:13:19-47
23            android:exported="true"
23-->src/main/AndroidManifest.xml:14:13-36
24            android:screenOrientation="portrait" >
24-->src/main/AndroidManifest.xml:15:13-49
25            <intent-filter>
25-->src/main/AndroidManifest.xml:16:13-19:29
26                <action android:name="android.intent.action.MAIN" />
26-->src/main/AndroidManifest.xml:17:17-69
26-->src/main/AndroidManifest.xml:17:25-66
27
28                <category android:name="android.intent.category.LAUNCHER" />
28-->src/main/AndroidManifest.xml:18:17-77
28-->src/main/AndroidManifest.xml:18:27-74
29            </intent-filter>
30        </activity>
31    </application>
32
33</manifest>